<?xml version="1.0" encoding="UTF-8"?>
<testng-results ignored="0" total="1" passed="1" failed="0" skipped="0">
  <reporter-output>
  </reporter-output>
  <suite started-at="2021-03-03T13:38:13 IST" name="Default suite" finished-at="2021-03-03T13:38:48 IST" duration-ms="35092">
    <groups>
    </groups>
    <test started-at="2021-03-03T13:38:13 IST" name="Default test" finished-at="2021-03-03T13:38:48 IST" duration-ms="35092">
      <class name="helloworld.calander">
        <test-method signature="travels()[pri:0, instance:helloworld.calander@87a85e1]" started-at="2021-03-03T13:38:13 IST" name="travels" finished-at="2021-03-03T13:38:48 IST" duration-ms="35054" status="PASS">
          <reporter-output>
          </reporter-output>
        </test-method> <!-- travels -->
      </class> <!-- helloworld.calander -->
    </test> <!-- Default test -->
  </suite> <!-- Default suite -->
</testng-results>
